<?xml version="1.0" encoding="utf-8"?><testsuites name="pytest tests"><testsuite name="pytest" errors="0" failures="0" skipped="2" tests="12" time="6.381" timestamp="2026-09-07T14:37:22.625050+00:00" hostname="agent-env-f442b744-10fd-47c6-9af6-d202a8f6a06d"><testcase classname="tests.test_alliance_wars.TestWarMap" name="test_wars_map_shape" time="1.451" /><testcase classname="tests.test_alliance_wars.TestWarMap" name="test_home_node_20_for_qat" time="0.213" /><testcase classname="tests.test_alliance_wars.TestWarMap" name="test_leaderboard_has_scores" time="1.177" /><testcase classname="tests.test_alliance_wars.TestWarsList" name="test_list_wars_ok" time="0.149" /><testcase classname="tests.test_alliance_wars.TestDeclareValidation" name="test_declare_own_node_400" time="0.183" /><testcase classname="tests.test_alliance_wars.TestDeclareValidation" name="test_declare_non_adjacent_400" time="0.146" /><testcase classname="tests.test_alliance_wars.TestDeclareValidation" name="test_declare_invalid_node_id_422" time="0.168" /><testcase classname="tests.test_alliance_wars.TestRosterValidation" name="test_roster_too_many_ids_400" time="0.131"><skipped type="pytest.skip" message="no prep war to test roster on">/app/backend/tests/test_alliance_wars.py:120: no prep war to test roster on</skipped></testcase><testcase classname="tests.test_alliance_wars.TestRosterValidation" name="test_roster_non_officer_403" time="0.396"><skipped type="pytest.skip" message="no prep war to test non-officer on">/app/backend/tests/test_alliance_wars.py:130: no prep war to test non-officer on</skipped></testcase><testcase classname="tests.test_alliance_wars.TestWarE2E" name="test_full_flow" time="1.657" /><testcase classname="tests.test_alliance_wars.TestBoss" name="test_boss_view_ok" time="0.164" /><testcase classname="tests.test_alliance_wars.TestBoss" name="test_boss_start_and_attack" time="0.293" /></testsuite></testsuites>