<?xml version="1.0" encoding="utf-8"?><testsuites name="pytest tests"><testsuite name="pytest" errors="0" failures="0" skipped="0" tests="5" time="3.702" timestamp="2026-09-07T16:50:04.769605+00:00" hostname="agent-env-f442b744-10fd-47c6-9af6-d202a8f6a06d"><testcase classname="tests.test_batch2_formation_rename.TestArmySuggest" name="test_suggest_current_stage" time="1.492" /><testcase classname="tests.test_batch2_formation_rename.TestArmySuggest" name="test_suggest_stage_50_is_boss" time="0.136" /><testcase classname="tests.test_batch2_formation_rename.TestFormationApply" name="test_apply_suggested_formation" time="0.721" /><testcase classname="tests.test_batch2_formation_rename.TestAccountRename" name="test_rename_display_name" time="0.799" /><testcase classname="tests.test_batch2_formation_rename.TestBossBattleTiming" name="test_boss_wave_last_35pct" time="0.478" /></testsuite></testsuites>