<?xml version="1.0" encoding="utf-8"?><testsuites name="pytest tests"><testsuite name="pytest" errors="0" failures="0" skipped="0" tests="6" time="3.642" timestamp="2026-09-07T20:19:55.998301+00:00" hostname="agent-env-f442b744-10fd-47c6-9af6-d202a8f6a06d"><testcase classname="tests.test_batch4_army_deal_quickchat" name="test_catalog_has_14_items_including_4_army" time="1.444" /><testcase classname="tests.test_batch4_army_deal_quickchat" name="test_daily_deal_shape_and_pricing" time="0.216" /><testcase classname="tests.test_batch4_army_deal_quickchat" name="test_buy_deal_deducts_discounted_price" time="0.447" /><testcase classname="tests.test_batch4_army_deal_quickchat" name="test_equip_army_not_owned_returns_403" time="0.322" /><testcase classname="tests.test_batch4_army_deal_quickchat" name="test_equip_army_null_then_re_equip_crimson" time="0.578" /><testcase classname="tests.test_batch4_army_deal_quickchat" name="test_equip_bad_kind_returns_400" time="0.565" /></testsuite></testsuites>