<?xml version="1.0" encoding="utf-8"?><testsuites name="pytest tests"><testsuite name="pytest" errors="0" failures="0" skipped="0" tests="6" time="3.730" timestamp="2026-09-07T19:58:02.314660+00:00" hostname="agent-env-f442b744-10fd-47c6-9af6-d202a8f6a06d"><testcase classname="tests.test_batch3_cosmetics_rulebook" name="test_profile_has_hero_name_and_cosmetics" time="1.456" /><testcase classname="tests.test_batch3_cosmetics_rulebook" name="test_lord_name_patch_and_display_name_independent" time="0.551" /><testcase classname="tests.test_batch3_cosmetics_rulebook" name="test_cosmetics_catalog" time="0.079" /><testcase classname="tests.test_batch3_cosmetics_rulebook" name="test_buy_already_owned_and_unknown_and_new" time="0.564" /><testcase classname="tests.test_batch3_cosmetics_rulebook" name="test_equip_owned_and_not_owned_and_null" time="0.572" /><testcase classname="tests.test_batch3_cosmetics_rulebook" name="test_public_rulebook_pdf" time="0.430" /></testsuite></testsuites>