<?xml version="1.0" encoding="utf-8"?><testsuites name="pytest tests"><testsuite name="pytest" errors="0" failures="0" skipped="0" tests="41" time="7.762" timestamp="2026-09-08T05:38:21.836883+00:00" hostname="agent-env-f442b744-10fd-47c6-9af6-d202a8f6a06d"><testcase classname="tests.test_canon_v14_it17.TestCanonV14" name="test_canon_validation_version" time="0.564" /><testcase classname="tests.test_canon_v14_it17.TestArmyCatalog" name="test_army_units_v14" time="0.347" /><testcase classname="tests.test_canon_v14_it17.TestArmyCatalog" name="test_army_endpoint_returns_units" time="0.149" /><testcase classname="tests.test_canon_v14_it17.TestEnemyCurve" name="test_stage_1_normal" time="0.147" /><testcase classname="tests.test_canon_v14_it17.TestEnemyCurve" name="test_boss_stage_required_power[50-1092]" time="0.155" /><testcase classname="tests.test_canon_v14_it17.TestEnemyCurve" name="test_boss_stage_required_power[100-9633]" time="0.145" /><testcase classname="tests.test_canon_v14_it17.TestEnemyCurve" name="test_boss_stage_required_power[150-84586]" time="0.150" /><testcase classname="tests.test_canon_v14_it17.TestEnemyCurve" name="test_boss_stage_required_power[180-310807]" time="0.150" /><testcase classname="tests.test_canon_v14_it17.TestEnemyCurve" name="test_boss_stage_required_power[200-739513]" time="0.148" /><testcase classname="tests.test_canon_v14_it17.TestArmySuggest" name="test_grant_and_suggest_stage_200" time="0.485" /><testcase classname="tests.test_canon_v14_it17.TestApplyFormationBattle" name="test_apply_formation" time="0.309" /><testcase classname="tests.test_canon_v14_it17.TestApplyFormationBattle" name="test_battle_attempt_and_claim" time="0.201" /><testcase classname="tests.test_canon_v14_it17.TestRecruit" name="test_recruit_flow" time="0.144" /><testcase classname="tests.test_canon_v14_it17.TestRulebook" name="test_pdf_available" time="1.259" /><testcase classname="tests.test_formulas" name="test_canon_validation" time="0.010" /><testcase classname="tests.test_formulas" name="test_enemy_power_table" time="0.000" /><testcase classname="tests.test_formulas" name="test_unit_counters_v12" time="0.000" /><testcase classname="tests.test_formulas" name="test_war_lane_counters_v12" time="0.000" /><testcase classname="tests.test_formulas" name="test_first_clear_rewards_table" time="0.000" /><testcase classname="tests.test_formulas" name="test_hero_xp_table" time="0.000" /><testcase classname="tests.test_formulas" name="test_command_capacity_samples" time="0.000" /><testcase classname="tests.test_formulas" name="test_item_level_and_stats_samples" time="0.000" /><testcase classname="tests.test_formulas" name="test_forge_costs_cumulative_samples" time="0.000" /><testcase classname="tests.test_formulas" name="test_offline_hourly_equivalence_stage_200" time="0.000" /><testcase classname="tests.test_formulas" name="test_drop_weights_respect_rarity_unlock" time="0.000" /><testcase classname="tests.test_formulas" name="test_domain_order_is_adjacent_and_complete" time="0.000" /><testcase classname="tests.test_formulas" name="test_speedup_and_boss_formulas" time="0.000" /><testcase classname="tests.test_canon_v13_warehouse" name="test_01_canon_static_reachable" time="0.154" /><testcase classname="tests.test_canon_v13_warehouse" name="test_02_canon_validation_version_is_1_3" time="0.146" /><testcase classname="tests.test_canon_v13_warehouse" name="test_03_spec_version_and_warehouse_rule_present" time="0.002" /><testcase classname="tests.test_canon_v13_warehouse" name="test_04_warehouse_capacities_monotonic_and_L20_2_641_000" time="0.002" /><testcase classname="tests.test_canon_v13_warehouse" name="test_05_castle_costs_fit_warehouse_at_each_level" time="0.002" /><testcase classname="tests.test_canon_v13_warehouse" name="test_06_all_reachable_building_costs_fit_warehouse" time="0.003" /><testcase classname="tests.test_canon_v13_warehouse" name="test_07_all_reachable_research_costs_fit_warehouse" time="0.002" /><testcase classname="tests.test_canon_v13_warehouse" name="test_08_no_cost_exceeds_L20_capacity" time="0.002" /><testcase classname="tests.test_canon_v13_warehouse" name="test_09_qa_lord_kingdom_warehouse_matches_canon_L" time="0.338" /><testcase classname="tests.test_canon_v13_warehouse" name="test_10_castle_next_cost_fits_canon_warehouse_at_castle_level" time="0.335" /><testcase classname="tests.test_canon_v13_warehouse" name="test_11_regolamento_pdf_v1_3" time="1.222" /><testcase classname="tests.test_canon_v13_warehouse" name="test_12_war_power_qa_lord_attacker" time="0.398" /><testcase classname="tests.test_canon_v13_warehouse" name="test_13_war_power_orsi_bot1_defender" time="0.356" /><testcase classname="tests.test_canon_v13_warehouse" name="test_14_war_power_lord_tester_qat_member" time="0.348" /></testsuite></testsuites>