<?xml version="1.0" encoding="utf-8"?><testsuites name="pytest tests"><testsuite name="pytest" errors="0" failures="0" skipped="0" tests="8" time="8.605" timestamp="2026-09-07T15:58:33.429212+00:00" hostname="agent-env-f442b744-10fd-47c6-9af6-d202a8f6a06d"><testcase classname="tests.test_canon_v12_and_alerts.TestArmyCounters" name="test_army_counters_shape" time="1.488" /><testcase classname="tests.test_canon_v12_and_alerts.TestArmyCounters" name="test_region_counter_present" time="0.201" /><testcase classname="tests.test_canon_v12_and_alerts.TestArmyCounters" name="test_conquest_wagon_renamed" time="0.131" /><testcase classname="tests.test_canon_v12_and_alerts.TestBattleFormulas" name="test_stage_60_shape" time="0.149" /><testcase classname="tests.test_canon_v12_and_alerts.TestBattleFormulas" name="test_stage_60_required_power" time="0.139" /><testcase classname="tests.test_canon_v12_and_alerts.TestBattleFormulas" name="test_stage_100_required_power" time="0.531" /><testcase classname="tests.test_canon_v12_and_alerts.TestTitanShowcase" name="test_boss_titan_metadata" time="0.150" /><testcase classname="tests.test_canon_v12_and_alerts.TestWarAlertsE2E" name="test_full_flow" time="5.724" /></testsuite></testsuites>