<?xml version="1.0" encoding="utf-8"?><testsuites name="pytest tests"><testsuite name="pytest" errors="0" failures="0" skipped="0" tests="14" time="3.878" timestamp="2026-09-08T05:07:31.444605+00:00" hostname="agent-env-f442b744-10fd-47c6-9af6-d202a8f6a06d"><testcase classname="tests.test_canon_v13_warehouse" name="test_01_canon_static_reachable" time="0.613" /><testcase classname="tests.test_canon_v13_warehouse" name="test_02_canon_validation_version_is_1_3" time="0.154" /><testcase classname="tests.test_canon_v13_warehouse" name="test_03_spec_version_and_warehouse_rule_present" time="0.002" /><testcase classname="tests.test_canon_v13_warehouse" name="test_04_warehouse_capacities_monotonic_and_L20_2_641_000" time="0.002" /><testcase classname="tests.test_canon_v13_warehouse" name="test_05_castle_costs_fit_warehouse_at_each_level" time="0.001" /><testcase classname="tests.test_canon_v13_warehouse" name="test_06_all_reachable_building_costs_fit_warehouse" time="0.003" /><testcase classname="tests.test_canon_v13_warehouse" name="test_07_all_reachable_research_costs_fit_warehouse" time="0.002" /><testcase classname="tests.test_canon_v13_warehouse" name="test_08_no_cost_exceeds_L20_capacity" time="0.002" /><testcase classname="tests.test_canon_v13_warehouse" name="test_09_qa_lord_kingdom_warehouse_matches_canon_L" time="0.342" /><testcase classname="tests.test_canon_v13_warehouse" name="test_10_castle_next_cost_fits_canon_warehouse_at_castle_level" time="0.359" /><testcase classname="tests.test_canon_v13_warehouse" name="test_11_regolamento_pdf_v1_3" time="1.256" /><testcase classname="tests.test_canon_v13_warehouse" name="test_12_war_power_qa_lord_attacker" time="0.357" /><testcase classname="tests.test_canon_v13_warehouse" name="test_13_war_power_orsi_bot1_defender" time="0.351" /><testcase classname="tests.test_canon_v13_warehouse" name="test_14_war_power_lord_tester_qat_member" time="0.363" /></testsuite></testsuites>