<?xml version="1.0" encoding="utf-8"?><testsuites name="pytest tests"><testsuite name="pytest" errors="0" failures="0" skipped="1" tests="15" time="9.143" timestamp="2026-09-08T06:11:56.425287+00:00" hostname="agent-env-f442b744-10fd-47c6-9af6-d202a8f6a06d"><testcase classname="tests.test_canon_v15_it18" name="test_canon_validation_v15" time="0.574" /><testcase classname="tests.test_canon_v15_it18" name="test_army_effective_unlock_fields" time="0.337" /><testcase classname="tests.test_canon_v15_it18" name="test_recruit_locked_unit_returns_403" time="0.155" /><testcase classname="tests.test_canon_v15_it18" name="test_gear_stage_drop_weights_bands" time="0.008" /><testcase classname="tests.test_canon_v15_it18" name="test_domain_tiles_formula" time="1.707" /><testcase classname="tests.test_canon_v15_it18" name="test_quests_italian_text_and_alt_active" time="0.149" /><testcase classname="tests.test_canon_v15_it18" name="test_quest_alternative_forge_maxed_unsupported" time="0.000"><skipped type="pytest.skip" message="_test/grant does not support forge state; cannot force forge_all_max via test hook (see GrantIn schema)">/app/backend/tests/test_canon_v15_it18.py:134: _test/grant does not support forge state; cannot force forge_all_max via test hook (see GrantIn schema)</skipped></testcase><testcase classname="tests.test_canon_v15_it18" name="test_war_casualties_shape" time="3.759" /><testcase classname="tests.test_canon_v15_it18" name="test_war_lane_rates_loser_gt_winner" time="0.000" /><testcase classname="tests.test_canon_v15_it18" name="test_war_units_deducted_and_formation_clamped" time="0.000" /><testcase classname="tests.test_canon_v15_it18" name="test_war_idempotent_and_snapshot_unchanged" time="0.000" /><testcase classname="tests.test_canon_v15_it18" name="test_war_detail_extras" time="0.000" /><testcase classname="tests.test_canon_v15_it18" name="test_war_result_chat_alert" time="0.154" /><testcase classname="tests.test_canon_v15_it18" name="test_pve_units_unchanged" time="0.964" /><testcase classname="tests.test_canon_v15_it18" name="test_rulebook_pdf" time="1.278" /></testsuite></testsuites>