<?xml version="1.0" encoding="utf-8"?><testsuites name="pytest tests"><testsuite name="pytest" errors="0" failures="0" skipped="0" tests="31" time="12.130" timestamp="2026-09-06T21:32:30.671111+00:00" hostname="agent-env-f442b744-10fd-47c6-9af6-d202a8f6a06d"><testcase classname="tests.test_live_e2e.TestAuth" name="test_register_returns_tokens" time="0.643" /><testcase classname="tests.test_live_e2e.TestAuth" name="test_last_code_and_verify" time="0.606" /><testcase classname="tests.test_live_e2e.TestAuth" name="test_login_after_verify" time="0.845" /><testcase classname="tests.test_live_e2e.TestAuth" name="test_refresh_rotation_and_reuse_401" time="0.787" /><testcase classname="tests.test_live_e2e.TestAuth" name="test_me_endpoint" time="0.641" /><testcase classname="tests.test_live_e2e.TestBattle" name="test_initial_profile_values" time="0.578" /><testcase classname="tests.test_live_e2e.TestBattle" name="test_battle_attempt_stage1" time="0.619" /><testcase classname="tests.test_live_e2e.TestBattle" name="test_battle_claim_before_and_after_resolve" time="1.172" /><testcase classname="tests.test_live_e2e.TestKingdom" name="test_kingdom_and_upgrade_farm" time="0.936" /><testcase classname="tests.test_live_e2e.TestKingdom" name="test_offline_and_claim" time="1.023" /><testcase classname="tests.test_live_e2e.TestReadOnly" name="test_endpoint_200[/research]" time="0.291" /><testcase classname="tests.test_live_e2e.TestReadOnly" name="test_endpoint_200[/army]" time="0.117" /><testcase classname="tests.test_live_e2e.TestReadOnly" name="test_endpoint_200[/domain]" time="0.178" /><testcase classname="tests.test_live_e2e.TestReadOnly" name="test_endpoint_200[/hero]" time="0.124" /><testcase classname="tests.test_live_e2e.TestReadOnly" name="test_endpoint_200[/gear/inventory]" time="0.133" /><testcase classname="tests.test_live_e2e.TestReadOnly" name="test_endpoint_200[/forge/costs]" time="0.119" /><testcase classname="tests.test_live_e2e.TestReadOnly" name="test_endpoint_200[/events]" time="0.112" /><testcase classname="tests.test_live_e2e.TestReadOnly" name="test_endpoint_200[/dungeons]" time="0.115" /><testcase classname="tests.test_live_e2e.TestReadOnly" name="test_endpoint_200[/quests]" time="0.138" /><testcase classname="tests.test_live_e2e.TestReadOnly" name="test_endpoint_200[/achievements]" time="0.125" /><testcase classname="tests.test_live_e2e.TestReadOnly" name="test_endpoint_200[/codex]" time="0.169" /><testcase classname="tests.test_live_e2e.TestReadOnly" name="test_endpoint_200[/season]" time="0.156" /><testcase classname="tests.test_live_e2e.TestReadOnly" name="test_endpoint_200[/store/catalog]" time="0.129" /><testcase classname="tests.test_live_e2e.TestReadOnly" name="test_endpoint_200[/notifications]" time="0.116" /><testcase classname="tests.test_live_e2e.TestReadOnly" name="test_endpoint_200[/alliances]" time="0.120" /><testcase classname="tests.test_live_e2e.TestReadOnly" name="test_endpoint_200[/wars/map]" time="0.133" /><testcase classname="tests.test_live_e2e.TestReadOnly" name="test_store_catalog_shape" time="0.128" /><testcase classname="tests.test_live_e2e.TestReadOnly" name="test_wars_map_361_nodes" time="0.148" /><testcase classname="tests.test_live_e2e.TestLiveOps" name="test_quests_login_claim_and_conflict" time="0.844" /><testcase classname="tests.test_live_e2e.TestLiveOps" name="test_purchases_verify_503" time="0.679" /><testcase classname="tests.test_live_e2e.TestLiveOps" name="test_revenuecat_webhook_wrong_bearer" time="0.115" /></testsuite></testsuites>