<?xml version="1.0" encoding="utf-8"?><testsuites name="pytest tests"><testsuite name="pytest" errors="0" failures="0" skipped="0" tests="10" time="1.898" timestamp="2026-09-08T07:34:53.424362+00:00" hostname="agent-env-f442b744-10fd-47c6-9af6-d202a8f6a06d"><testcase classname="tests.test_max_lord_endgame.TestProfile" name="test_profile_shows_maxed_state" time="0.781" /><testcase classname="tests.test_max_lord_endgame.TestBattleStage200" name="test_stage_200_required_power" time="0.085" /><testcase classname="tests.test_max_lord_endgame.TestBattleStage200" name="test_attempt_and_claim_stage_200" time="0.259" /><testcase classname="tests.test_max_lord_endgame.TestArmyRecruit" name="test_recruit_demon" time="0.167" /><testcase classname="tests.test_max_lord_endgame.TestMaxLevelGuards" name="test_forge_upgrade_maxed" time="0.084" /><testcase classname="tests.test_max_lord_endgame.TestMaxLevelGuards" name="test_research_start_maxed" time="0.084" /><testcase classname="tests.test_max_lord_endgame.TestMaxLevelGuards" name="test_kingdom_upgrade_maxed" time="0.084" /><testcase classname="tests.test_max_lord_endgame.TestQuestAlternatives" name="test_quests_alt_active" time="0.083" /><testcase classname="tests.test_max_lord_endgame.TestAlliancesAndWars" name="test_join_or_create_alliance" time="0.090" /><testcase classname="tests.test_max_lord_endgame.TestAlliancesAndWars" name="test_wars_map" time="0.103" /></testsuite></testsuites>