<?xml version="1.0" encoding="utf-8"?><testsuites name="pytest tests"><testsuite name="pytest" errors="0" failures="0" skipped="0" tests="4" time="1.984" timestamp="2026-09-07T20:35:04.073333+00:00" hostname="agent-env-f442b744-10fd-47c6-9af6-d202a8f6a06d"><testcase classname="tests.test_showcase" name="test_showcase_requires_auth" time="1.577" /><testcase classname="tests.test_showcase" name="test_own_showcase_shape" time="0.074" /><testcase classname="tests.test_showcase" name="test_showcase_other_member_is_not_me" time="0.147" /><testcase classname="tests.test_showcase" name="test_showcase_404" time="0.115" /></testsuite></testsuites>