<?xml version="1.0" encoding="utf-8"?><testsuites name="pytest tests"><testsuite name="pytest" errors="0" failures="2" skipped="0" tests="16" time="11.824" timestamp="2026-09-07T21:27:00.593170+00:00" hostname="agent-env-f442b744-10fd-47c6-9af6-d202a8f6a06d"><testcase classname="tests.test_war_enlist_booking.TestEnlistBooking" name="test_01_war_open_and_has_qa_lord" time="5.158" /><testcase classname="tests.test_war_enlist_booking.TestEnlistBooking" name="test_02_qa_lord_re_enlist_409_already_enlisted" time="0.163" /><testcase classname="tests.test_war_enlist_booking.TestEnlistBooking" name="test_03_qa_bot1_bot2_bot3_enlist" time="0.551" /><testcase classname="tests.test_war_enlist_booking.TestEnlistBooking" name="test_04_bot3_withdraw_then_reenlist" time="0.653" /><testcase classname="tests.test_war_enlist_booking.TestEnlistBooking" name="test_05_ors_bot1_bot2_enlist_defense" time="0.487" /><testcase classname="tests.test_war_enlist_booking.TestEnlistBooking" name="test_06_outsider_lord_tester_gets_not_in_alliance" time="0.130" /><testcase classname="tests.test_war_enlist_booking.TestEnlistBooking" name="test_07_fill_defense_to_10_and_11th_is_roster_full" time="1.401" /><testcase classname="tests.test_war_enlist_booking.TestEnlistBooking" name="test_08_lock_war_shift_and_tick" time="0.581"><failure message="AssertionError: expected locked, got resolved&#10;assert 'resolved' == 'locked'&#10;  &#10;  - locked&#10;  + resolved">tests/test_war_enlist_booking.py:150: in test_08_lock_war_shift_and_tick
    assert w["status"] == "locked", f"expected locked, got {w['status']}"
E   AssertionError: expected locked, got resolved
E   assert 'resolved' == 'locked'
E     
E     - locked
E     + resolved</failure></testcase><testcase classname="tests.test_war_enlist_booking.TestEnlistBooking" name="test_09_enlist_after_lock_is_rejected" time="0.150" /><testcase classname="tests.test_war_enlist_booking.TestEnlistBooking" name="test_10_resolve_war_and_check_lanes" time="0.409"><failure message="AttributeError: 'str' object has no attribute 'get'">tests/test_war_enlist_booking.py:180: in test_10_resolve_war_and_check_lanes
    empty_lanes = [ln for ln in lanes if ln.get("attacker_empty") or (ln.get("attacker") and ln["attacker"].get("empty"))]
                  ^^^^^^^^^^^^^^^^^^^^^^^^^^^^^^^^^^^^^^^^^^^^^^^^^^^^^^^^^^^^^^^^^^^^^^^^^^^^^^^^^^^^^^^^^^^^^^^^^^^^^^^^
tests/test_war_enlist_booking.py:180: in &lt;listcomp&gt;
    empty_lanes = [ln for ln in lanes if ln.get("attacker_empty") or (ln.get("attacker") and ln["attacker"].get("empty"))]
                                                                                             ^^^^^^^^^^^^^^^^^^
E   AttributeError: 'str' object has no attribute 'get'</failure></testcase><testcase classname="tests.test_war_enlist_booking.TestEnlistBooking" name="test_11_alliance_chat_contains_prenotato_herald" time="0.308" /><testcase classname="tests.test_war_enlist_booking.TestEmptyAttackCancels" name="test_20_clear_cooldown" time="0.290" /><testcase classname="tests.test_war_enlist_booking.TestEmptyAttackCancels" name="test_21_declare_node_22_auto_enlists_declarer" time="0.280" /><testcase classname="tests.test_war_enlist_booking.TestEmptyAttackCancels" name="test_22_withdraw_then_lock_should_cancel" time="0.713" /><testcase classname="tests.test_war_enlist_booking.TestEmptyAttackCancels" name="test_23_final_clear_cooldown_no_open_war" time="0.316" /><testcase classname="tests.test_war_enlist_booking.TestOfficerPermission" name="test_30_non_officer_declare_403" time="0.128" /></testsuite></testsuites>