<?xml version="1.0" encoding="utf-8"?><testsuites name="pytest tests"><testsuite name="pytest" errors="0" failures="0" skipped="0" tests="8" time="4.231" timestamp="2026-09-07T21:41:06.089070+00:00" hostname="agent-env-f442b744-10fd-47c6-9af6-d202a8f6a06d"><testcase classname="tests.test_war_reserves_it15.TestInitialState" name="test_01_war_prep_and_state" time="2.615" /><testcase classname="tests.test_war_reserves_it15.TestReserveAndPromotion" name="test_02_bot9_enlist_again_returns_409_already_reserve" time="0.144" /><testcase classname="tests.test_war_reserves_it15.TestReserveAndPromotion" name="test_03_orsi_bot1_enlist_defense_side" time="0.493" /><testcase classname="tests.test_war_reserves_it15.TestReserveAndPromotion" name="test_04_lord_tester_withdraw_promotes_bot9" time="0.120" /><testcase classname="tests.test_war_reserves_it15.TestReserveAndPromotion" name="test_05_lord_tester_reenlists_goes_to_reserve" time="0.365" /><testcase classname="tests.test_war_reserves_it15.TestReserveAndPromotion" name="test_06_lord_tester_withdraws_from_reserve" time="0.151" /><testcase classname="tests.test_war_reserves_it15.TestReserveAndPromotion" name="test_07_war_detail_roster_players_contains_names" time="0.157" /><testcase classname="tests.test_war_reserves_it15.TestFinalState" name="test_99_final_state_qa_bot9_in_roster_lord_tester_out" time="0.121" /></testsuite></testsuites>