<?xml version="1.0" encoding="utf-8"?><testsuites name="pytest tests"><testsuite name="pytest" errors="0" failures="0" skipped="3" tests="13" time="6.475" timestamp="2026-09-07T20:50:57.330000+00:00" hostname="agent-env-f442b744-10fd-47c6-9af6-d202a8f6a06d"><testcase classname="tests.test_alliance_wars.TestWarMap" name="test_wars_map_shape" time="1.399" /><testcase classname="tests.test_alliance_wars.TestWarMap" name="test_home_node_20_for_qat" time="0.227" /><testcase classname="tests.test_alliance_wars.TestWarMap" name="test_leaderboard_has_scores" time="0.166" /><testcase classname="tests.test_alliance_wars.TestWarsList" name="test_list_wars_ok" time="0.183" /><testcase classname="tests.test_alliance_wars.TestDeclareValidation" name="test_declare_own_node_400" time="0.210" /><testcase classname="tests.test_alliance_wars.TestDeclareValidation" name="test_declare_non_adjacent_400" time="0.166" /><testcase classname="tests.test_alliance_wars.TestDeclareValidation" name="test_declare_invalid_node_id_422" time="0.140" /><testcase classname="tests.test_alliance_wars.TestRosterValidation" name="test_roster_too_many_ids_400" time="0.184"><skipped type="pytest.skip" message="no prep war to test roster on">/app/backend/tests/test_alliance_wars.py:121: no prep war to test roster on</skipped></testcase><testcase classname="tests.test_alliance_wars.TestRosterValidation" name="test_roster_non_officer_403" time="0.284"><skipped type="pytest.skip" message="no prep war to test non-officer on">/app/backend/tests/test_alliance_wars.py:131: no prep war to test non-officer on</skipped></testcase><testcase classname="tests.test_alliance_wars.TestWarE2E" name="test_full_flow" time="0.268"><skipped type="pytest.skip" message="declare 21 blocked: {&quot;detail&quot;:{&quot;code&quot;:&quot;attack_cooldown&quot;,&quot;message&quot;:&quot;One attack per 24h per alliance&quot;}}">/app/backend/tests/test_alliance_wars.py:154: declare 21 blocked: {"detail":{"code":"attack_cooldown","message":"One attack per 24h per alliance"}}</skipped></testcase><testcase classname="tests.test_alliance_wars.TestBoss" name="test_boss_view_ok" time="0.123" /><testcase classname="tests.test_alliance_wars.TestBoss" name="test_boss_start_and_attack" time="0.247" /><testcase classname="tests.test_war_full_simulation.TestFullWarSimulation" name="test_full_flow_declare_lock_resolve" time="2.808" /></testsuite></testsuites>